<?xml version="1.0" encoding="UTF-8"?>
<!-- Generated by org.testng.reporters.JUnitReportReporter -->
<testsuite skipped="0" hostname="AR-IT13429" name="cucumberOptions.TestRunner" tests="2" failures="0" timestamp="2020-11-15T15:09:38 ART" time="62.729" errors="0">
  <testcase name="feature" time="45.341" classname="cucumberOptions.TestRunner"/>
  <system-out/>
  <testcase name="feature" time="17.388" classname="cucumberOptions.TestRunner"/>
  <system-out/>
</testsuite> <!-- cucumberOptions.TestRunner -->
