<?xml version="1.0" encoding="UTF-8"?>
<!-- Generated by org.testng.reporters.JUnitReportReporter -->
<testsuite skipped="0" hostname="AR-IT13429" name="cucumberOptions.TestRunner" tests="1" failures="0" timestamp="2020-11-15T12:18:45 ART" time="45.325" errors="0">
  <testcase name="feature" time="45.325" classname="cucumberOptions.TestRunner"/>
  <system-out/>
</testsuite> <!-- cucumberOptions.TestRunner -->
